# JRE version: Java(TM) SE Runtime Environment (24.0.1+9) (build 24.0.1+9-30)
# Java VM: Java HotSpot(TM) 64-Bit Server VM (24.0.1+9-30, mixed mode, sharing, tiered, compressed oops, compressed class ptrs, g1 gc, linux-amd64)
GC Precious Log:
 CardTable entry size: 512
 Card Set container configuration: InlinePtr #cards 4 size 8 Array Of Cards #cards 16 size 48 Howl #buckets 8 coarsen threshold 3686 Howl Bitmap #cards 512 size 80 coarsen threshold 460 Card regions per heap region 1 cards per card region 4096
 CPUs: 12 total, 12 available
 Memory: 15151M
 Large Page Support: Disabled
 NUMA Support: Disabled
 Compressed Oops: Enabled (Zero based)
 Heap Region Size: 2M
 Heap Min Capacity: 8M
 Heap Initial Capacity: 238M
 Heap Max Capacity: 3788M
 Pre-touch: Disabled
 Parallel Workers: 10
 Concurrent Workers: 3
 Concurrent Refinement Workers: 10
 Periodic GC: Disabled
Heap:
 garbage-first heap   total reserved 3878912K, committed 120832K, used 95983K [0x0000000713400000, 0x0000000800000000)
  region size 2048K, 33 young (67584K), 2 survivors (4096K)
 Metaspace       used 22886K, committed 23168K, reserved 1114112K
  class space    used 2610K, committed 2752K, reserved 1048576K
GC Heap History (13 events):
Event: 0.651 GC heap before
{Heap before GC invocations=0 (full 0):
 garbage-first heap   total reserved 3878912K, committed 245760K, used 50279K [0x0000000713400000, 0x0000000800000000)
  region size 2048K, 24 young (49152K), 0 survivors (0K)
 Metaspace       used 12494K, committed 12736K, reserved 1114112K
  class space    used 1203K, committed 1280K, reserved 1048576K
}
Event: 0.657 GC heap after
{Heap after GC invocations=1 (full 0):
 garbage-first heap   total reserved 3878912K, committed 245760K, used 6381K [0x0000000713400000, 0x0000000800000000)
  region size 2048K, 3 young (6144K), 3 survivors (6144K)
 Metaspace       used 12494K, committed 12736K, reserved 1114112K
  class space    used 1203K, committed 1280K, reserved 1048576K
}
Event: 8.162 GC heap before
{Heap before GC invocations=1 (full 0):
 garbage-first heap   total reserved 3878912K, committed 245760K, used 116973K [0x0000000713400000, 0x0000000800000000)
  region size 2048K, 50 young (102400K), 3 survivors (6144K)
 Metaspace       used 21263K, committed 21504K, reserved 1114112K
  class space    used 2446K, committed 2560K, reserved 1048576K
}
Event: 8.172 GC heap after
{Heap after GC invocations=2 (full 0):
 garbage-first heap   total reserved 3878912K, committed 245760K, used 28808K [0x0000000713400000, 0x0000000800000000)
  region size 2048K, 7 young (14336K), 7 survivors (14336K)
 Metaspace       used 21263K, committed 21504K, reserved 1114112K
  class space    used 2446K, committed 2560K, reserved 1048576K
}
Event: 9.555 GC heap before
{Heap before GC invocations=3 (full 0):
 garbage-first heap   total reserved 3878912K, committed 102400K, used 100488K [0x0000000713400000, 0x0000000800000000)
  region size 2048K, 42 young (86016K), 7 survivors (14336K)
 Metaspace       used 22520K, committed 22848K, reserved 1114112K
  class space    used 2603K, committed 2752K, reserved 1048576K
}
Event: 9.563 GC heap after
{Heap after GC invocations=4 (full 0):
 garbage-first heap   total reserved 3878912K, committed 120832K, used 32326K [0x0000000713400000, 0x0000000800000000)
  region size 2048K, 2 young (4096K), 2 survivors (4096K)
 Metaspace       used 22520K, committed 22848K, reserved 1114112K
  class space    used 2603K, committed 2752K, reserved 1048576K
}
Event: 10.961 GC heap before
{Heap before GC invocations=4 (full 0):
 garbage-first heap   total reserved 3878912K, committed 120832K, used 85574K [0x0000000713400000, 0x0000000800000000)
  region size 2048K, 28 young (57344K), 2 survivors (4096K)
 Metaspace       used 22648K, committed 22976K, reserved 1114112K
  class space    used 2607K, committed 2752K, reserved 1048576K
}
Event: 10.966 GC heap after
{Heap after GC invocations=5 (full 0):
 garbage-first heap   total reserved 3878912K, committed 120832K, used 32645K [0x0000000713400000, 0x0000000800000000)
  region size 2048K, 2 young (4096K), 2 survivors (4096K)
 Metaspace       used 22648K, committed 22976K, reserved 1114112K
  class space    used 2607K, committed 2752K, reserved 1048576K
}
Event: 12.953 GC heap before
{Heap before GC invocations=5 (full 0):
 garbage-first heap   total reserved 3878912K, committed 120832K, used 89989K [0x0000000713400000, 0x0000000800000000)
  region size 2048K, 30 young (61440K), 2 survivors (4096K)
 Metaspace       used 22723K, committed 23040K, reserved 1114112K
  class space    used 2608K, committed 2752K, reserved 1048576K
}
Event: 12.957 GC heap after
{Heap after GC invocations=6 (full 0):
 garbage-first heap   total reserved 3878912K, committed 120832K, used 32571K [0x0000000713400000, 0x0000000800000000)
  region size 2048K, 2 young (4096K), 2 survivors (4096K)
 Metaspace       used 22723K, committed 23040K, reserved 1114112K
  class space    used 2608K, committed 2752K, reserved 1048576K
}
Event: 14.802 GC heap before
{Heap before GC invocations=6 (full 0):
 garbage-first heap   total reserved 3878912K, committed 120832K, used 94011K [0x0000000713400000, 0x0000000800000000)
  region size 2048K, 32 young (65536K), 2 survivors (4096K)
 Metaspace       used 22799K, committed 23168K, reserved 1114112K
  class space    used 2608K, committed 2752K, reserved 1048576K
}
Event: 14.805 GC heap after
{Heap after GC invocations=7 (full 0):
 garbage-first heap   total reserved 3878912K, committed 120832K, used 32526K [0x0000000713400000, 0x0000000800000000)
  region size 2048K, 2 young (4096K), 2 survivors (4096K)
 Metaspace       used 22799K, committed 23168K, reserved 1114112K
  class space    used 2608K, committed 2752K, reserved 1048576K
}
Event: 19.453 GC heap before
{Heap before GC invocations=7 (full 0):
 garbage-first heap   total reserved 3878912K, committed 120832K, used 93966K [0x0000000713400000, 0x0000000800000000)
  region size 2048K, 33 young (67584K), 2 survivors (4096K)
 Metaspace       used 22886K, committed 23168K, reserved 1114112K
  class space    used 2610K, committed 2752K, reserved 1048576K
}

